# JRE version: OpenJDK Runtime Environment (14.0.1+7) (build 14.0.1+7)
# Java VM: OpenJDK 64-Bit Server VM (14.0.1+7, mixed mode, sharing, tiered, compressed oops, g1 gc, windows-amd64)
Heap:
 garbage-first heap   total 88064K, used 35005K [0x00000000c0800000, 0x0000000100000000)
  region size 1024K, 2 young (2048K), 2 survivors (2048K)
 Metaspace       used 49115K, capacity 50525K, committed 50688K, reserved 1093632K
  class space    used 6789K, capacity 7340K, committed 7424K, reserved 1048576K
GC Heap History (20 events):
Event: 122.944 GC heap after
{Heap after GC invocations=27 (full 0):
 garbage-first heap   total 58368K, used 27506K [0x00000000c0800000, 0x0000000100000000)
  region size 1024K, 1 young (1024K), 1 survivors (1024K)
 Metaspace       used 30955K, capacity 32103K, committed 32384K, reserved 1077248K
  class space    used 4220K, capacity 4666K, committed 4736K, reserved 1048576K
}
Event: 124.412 GC heap before
{Heap before GC invocations=28 (full 0):
 garbage-first heap   total 60416K, used 46962K [0x00000000c0800000, 0x0000000100000000)
  region size 1024K, 20 young (20480K), 1 survivors (1024K)
 Metaspace       used 31149K, capacity 32269K, committed 32384K, reserved 1077248K
  class space    used 4245K, capacity 4700K, committed 4736K, reserved 1048576K
}
Event: 124.417 GC heap after
{Heap after GC invocations=29 (full 0):
 garbage-first heap   total 60416K, used 27940K [0x00000000c0800000, 0x0000000100000000)
  region size 1024K, 1 young (1024K), 1 survivors (1024K)
 Metaspace       used 31149K, capacity 32269K, committed 32384K, reserved 1077248K
  class space    used 4245K, capacity 4700K, committed 4736K, reserved 1048576K
}
Event: 126.003 GC heap before
{Heap before GC invocations=29 (full 0):
 garbage-first heap   total 60416K, used 49444K [0x00000000c0800000, 0x0000000100000000)
  region size 1024K, 22 young (22528K), 1 survivors (1024K)
 Metaspace       used 32136K, capacity 33352K, committed 33664K, reserved 1077248K
  class space    used 4419K, capacity 4878K, committed 4992K, reserved 1048576K
}
Event: 126.016 GC heap after
{Heap after GC invocations=30 (full 0):
 garbage-first heap   total 60416K, used 28215K [0x00000000c0800000, 0x0000000100000000)
  region size 1024K, 2 young (2048K), 2 survivors (2048K)
 Metaspace       used 32136K, capacity 33352K, committed 33664K, reserved 1077248K
  class space    used 4419K, capacity 4878K, committed 4992K, reserved 1048576K
}
Event: 127.788 GC heap before
{Heap before GC invocations=31 (full 0):
 garbage-first heap   total 60416K, used 48695K [0x00000000c0800000, 0x0000000100000000)
  region size 1024K, 23 young (23552K), 2 survivors (2048K)
 Metaspace       used 34476K, capacity 35778K, committed 35968K, reserved 1079296K
  class space    used 4647K, capacity 5133K, committed 5248K, reserved 1048576K
}
Event: 127.806 GC heap after
{Heap after GC invocations=32 (full 0):
 garbage-first heap   total 60416K, used 29904K [0x00000000c0800000, 0x0000000100000000)
  region size 1024K, 3 young (3072K), 3 survivors (3072K)
 Metaspace       used 34476K, capacity 35778K, committed 35968K, reserved 1079296K
  class space    used 4647K, capacity 5133K, committed 5248K, reserved 1048576K
}
Event: 129.116 GC heap before
{Heap before GC invocations=32 (full 0):
 garbage-first heap   total 60416K, used 49360K [0x00000000c0800000, 0x0000000100000000)
  region size 1024K, 22 young (22528K), 3 survivors (3072K)
 Metaspace       used 35314K, capacity 36526K, committed 36736K, reserved 1081344K
  class space    used 4733K, capacity 5212K, committed 5248K, reserved 1048576K
}
Event: 129.129 GC heap after
{Heap after GC invocations=33 (full 0):
 garbage-first heap   total 60416K, used 30200K [0x00000000c0800000, 0x0000000100000000)
  region size 1024K, 2 young (2048K), 2 survivors (2048K)
 Metaspace       used 35314K, capacity 36526K, committed 36736K, reserved 1081344K
  class space    used 4733K, capacity 5212K, committed 5248K, reserved 1048576K
}
Event: 130.670 GC heap before
{Heap before GC invocations=34 (full 0):
 garbage-first heap   total 60416K, used 50680K [0x00000000c0800000, 0x0000000100000000)
  region size 1024K, 22 young (22528K), 2 survivors (2048K)
 Metaspace       used 36315K, capacity 37597K, committed 37888K, reserved 1081344K
  class space    used 4852K, capacity 5335K, committed 5376K, reserved 1048576K
}
Event: 130.688 GC heap after
{Heap after GC invocations=35 (full 0):
 garbage-first heap   total 60416K, used 31394K [0x00000000c0800000, 0x0000000100000000)
  region size 1024K, 2 young (2048K), 2 survivors (2048K)
 Metaspace       used 36315K, capacity 37597K, committed 37888K, reserved 1081344K
  class space    used 4852K, capacity 5335K, committed 5376K, reserved 1048576K
}
Event: 133.469 GC heap before
{Heap before GC invocations=35 (full 0):
 garbage-first heap   total 60416K, used 48802K [0x00000000c0800000, 0x0000000100000000)
  region size 1024K, 20 young (20480K), 2 survivors (2048K)
 Metaspace       used 37625K, capacity 38908K, committed 39040K, reserved 1083392K
  class space    used 4983K, capacity 5473K, committed 5504K, reserved 1048576K
}
Event: 133.489 GC heap after
{Heap after GC invocations=36 (full 0):
 garbage-first heap   total 72704K, used 31999K [0x00000000c0800000, 0x0000000100000000)
  region size 1024K, 3 young (3072K), 3 survivors (3072K)
 Metaspace       used 37625K, capacity 38908K, committed 39040K, reserved 1083392K
  class space    used 4983K, capacity 5473K, committed 5504K, reserved 1048576K
}
Event: 134.494 GC heap before
{Heap before GC invocations=37 (full 0):
 garbage-first heap   total 72704K, used 58623K [0x00000000c0800000, 0x0000000100000000)
  region size 1024K, 29 young (29696K), 3 survivors (3072K)
 Metaspace       used 39238K, capacity 40505K, committed 40576K, reserved 1083392K
  class space    used 5279K, capacity 5748K, committed 5760K, reserved 1048576K
}
Event: 134.519 GC heap after
{Heap after GC invocations=38 (full 0):
 garbage-first heap   total 72704K, used 32879K [0x00000000c0800000, 0x0000000100000000)
  region size 1024K, 3 young (3072K), 3 survivors (3072K)
 Metaspace       used 39238K, capacity 40505K, committed 40576K, reserved 1083392K
  class space    used 5279K, capacity 5748K, committed 5760K, reserved 1048576K
}
Event: 135.984 GC heap before
{Heap before GC invocations=38 (full 0):
 garbage-first heap   total 72704K, used 58479K [0x00000000c0800000, 0x0000000100000000)
  region size 1024K, 29 young (29696K), 3 survivors (3072K)
 Metaspace       used 42433K, capacity 43787K, committed 44032K, reserved 1087488K
  class space    used 5757K, capacity 6309K, committed 6400K, reserved 1048576K
}
Event: 136.011 GC heap after
{Heap after GC invocations=39 (full 0):
 garbage-first heap   total 72704K, used 33907K [0x00000000c0800000, 0x0000000100000000)
  region size 1024K, 3 young (3072K), 3 survivors (3072K)
 Metaspace       used 42433K, capacity 43787K, committed 44032K, reserved 1087488K
  class space    used 5757K, capacity 6309K, committed 6400K, reserved 1048576K
}
Event: 143.405 GC heap before
{Heap before GC invocations=39 (full 0):
 garbage-first heap   total 72704K, used 58483K [0x00000000c0800000, 0x0000000100000000)
  region size 1024K, 28 young (28672K), 3 survivors (3072K)
 Metaspace       used 45693K, capacity 47070K, committed 47232K, reserved 1089536K
  class space    used 6183K, capacity 6743K, committed 6784K, reserved 1048576K
}
Event: 143.430 GC heap after
{Heap after GC invocations=40 (full 0):
 garbage-first heap   total 72704K, used 34484K [0x00000000c0800000, 0x0000000100000000)
  region size 1024K, 3 young (3072K), 3 survivors (3072K)
 Metaspace       used 45693K, capacity 47070K, committed 47232K, reserved 1089536K
  class space    used 6183K, capacity 6743K, committed 6784K, reserved 1048576K
}
Event: 147.380 GC heap before
{Heap before GC invocations=40 (full 0):
 garbage-first heap   total 72704K, used 60084K [0x00000000c0800000, 0x0000000100000000)
  region size 1024K, 28 young (28672K), 3 survivors (3072K)
 Metaspace       used 49115K, capacity 50525K, committed 50688K, reserved 1093632K
  class space    used 6789K, capacity 7340K, committed 7424K, reserved 1048576K
}

